<?xml version="1.0" encoding="UTF-8"?>
<!-- Generated by org.testng.reporters.JUnitReportReporter -->
<testsuite skipped="0" hostname="DESKTOP-C37E15E" name="quick.Arr.Ar" tests="1" failures="0" timestamp="28 Jul 2020 13:41:06 GMT" time="37.062" errors="0">
  <testcase name="lisa" time="37.062" classname="quick.Arr.Ar"/>
</testsuite> <!-- quick.Arr.Ar -->
